[Event ""]
[Site ""]
[Date "2005.12.20"]
[Round ""]
[White ""]
[Black "GNU Chess 5.07"]
[WhiteELO "0"]
[BlackELO "0"]
[Result ""]

1. e4 Nc6 2. d4 d5 3. e5 Bf5 4. Bb5 Qd7 5. Nf3 O-O-O 

[Event ""]
[Site ""]
[Date "2005.12.20"]
[Round ""]
[White ""]
[Black "GNU Chess 5.07"]
[WhiteELO "0"]
[BlackELO "0"]
[Result ""]

1. e4 Nc6 2. d4 d5 3. e5 Bf5 4. Bb5 Qd7 5. Nf3 O-O-O 6. a4 a6 7. Qe2 axb5 8.
axb5 Nb8 9. Bf4 Be4 10. b6 Qg4 11. bxc7 Kxc7 12. Bg3 Kc8 

[Event ""]
[Site ""]
[Date "2005.12.20"]
[Round ""]
[White ""]
[Black "GNU Chess 5.07"]
[WhiteELO "0"]
[BlackELO "0"]
[Result ""]

1. e4 Nc6 2. d4 d5 3. e5 Bf5 4. Bb5 Qd7 5. Nf3 O-O-O 6. a4 a6 7. Qe2 axb5 8.
axb5 Nb8 9. Bf4 Be4 10. b6 Qg4 11. bxc7 Kxc7 

[Event ""]
[Site ""]
[Date "2005.12.20"]
[Round ""]
[White ""]
[Black "GNU Chess 5.07"]
[WhiteELO "0"]
[BlackELO "0"]
[Result ""]

1. e4 Nc6 2. d4 d5 3. e5 Bf5 4. Bb5 Qd7 5. Nf3 O-O-O 6. a4 a6 7. Qe2 axb5 8.
axb5 Nb8 9. Bf4 Be4 10. b6 Qg4 

[Event ""]
[Site ""]
[Date "2005.12.20"]
[Round ""]
[White ""]
[Black "GNU Chess 5.07"]
[WhiteELO "0"]
[BlackELO "0"]
[Result ""]

1. e4 Nc6 2. d4 d5 3. e5 Bf5 4. Bb5 Qd7 5. Nf3 O-O-O 6. a4 a6 7. Qe2 axb5 8.
axb5 Nb8 9. Bf4 Be4 10. b6 Qg4 11. Bg3 cxb6 12. e6 Bxf3 13. gxf3 Qxe6 14. Qxe6+
fxe6 15. Ra8 Rd6 16. Nc3 Nf6 17. Nb5 Nd7 

[Event ""]
[Site ""]
[Date "2005.12.20"]
[Round ""]
[White ""]
[Black "GNU Chess 5.07"]
[WhiteELO "0"]
[BlackELO "0"]
[Result ""]

1. e4 Nc6 2. d4 d5 3. e5 Bf5 4. Bb5 Qd7 5. Nf3 O-O-O 6. a4 a6 7. Qe2 axb5 8.
axb5 Nb8 9. Bf4 Be4 10. b6 Qg4 11. Bg3 cxb6 12. e6 Bxf3 13. gxf3 Qxe6 14. Qxe6+
fxe6 15. Ra8 Rd6 16. Nc3 Nf6 17. Nb5 Nd7 

[Event ""]
[Site ""]
[Date "2005.12.20"]
[Round ""]
[White ""]
[Black "GNU Chess 5.07"]
[WhiteELO "0"]
[BlackELO "0"]
[Result ""]

1. e4 Nc6 2. d4 d5 3. e5 Bf5 4. Bb5 Qd7 5. Nf3 O-O-O 6. a4 a6 7. Qe2 axb5 8.
axb5 Nb8 9. Bf4 Be4 10. b6 Qg4 11. Bg3 cxb6 12. e6 Bxf3 13. gxf3 Qxe6 14. Qxe6+
fxe6 15. Ra8 Rd6 16. Nc3 Nf6 17. Nb5 Nd7 18. Kd2 h5 

[Event ""]
[Site ""]
[Date "2005.12.20"]
[Round ""]
[White ""]
[Black "GNU Chess 5.07"]
[WhiteELO "0"]
[BlackELO "0"]
[Result ""]

1. e4 Nc6 2. d4 d5 3. e5 Bf5 4. Bb5 Qd7 5. Nf3 O-O-O 6. a4 a6 7. Qe2 axb5 8.
axb5 Nb8 9. Bf4 Be4 10. b6 Qg4 11. Bg3 cxb6 12. e6 Bxf3 13. gxf3 Qxe6 14. Qxe6+
fxe6 15. Ra8 Rd6 16. Nc3 Nf6 17. Nb5 Nd7 18. Kd2 h5 19. Rc1 h4 

[Event ""]
[Site ""]
[Date "2005.12.20"]
[Round ""]
[White ""]
[Black "GNU Chess 5.07"]
[WhiteELO "0"]
[BlackELO "0"]
[Result ""]

1. e4 Nc6 2. d4 d5 3. e5 Bf5 4. Bb5 Qd7 5. Nf3 O-O-O 6. a4 a6 7. Qe2 axb5 8.
axb5 Nb8 9. Bf4 Be4 10. b6 Qg4 11. Bg3 cxb6 12. e6 Bxf3 13. gxf3 Qxe6 14. Qxe6+
fxe6 15. Ra8 Rd6 16. Nc3 Nf6 17. Nb5 Nd7 18. Kd2 h5 19. Rc1 h4 20. Bf4 g6 21.
c4 dxc4 22. Rxc4+ Kd8 

[Event ""]
[Site ""]
[Date "2005.12.20"]
[Round ""]
[White ""]
[Black "GNU Chess 5.07"]
[WhiteELO "0"]
[BlackELO "0"]
[Result ""]

1. e4 Nc6 2. d4 d5 3. e5 Bf5 4. Bb5 Qd7 5. Nf3 O-O-O 6. a4 a6 7. Qe2 axb5 8.
axb5 Nb8 9. Bf4 Be4 10. b6 Qg4 11. Bg3 cxb6 12. e6 Bxf3 13. gxf3 Qxe6 14. Qxe6+
fxe6 15. Ra8 Rd6 16. Nc3 Nf6 17. Nb5 Nd7 18. Kd2 h5 19. Rc1 h4 20. Bf4 g6 21.
c4 dxc4 22. Rxc4+ Kd8 23. Na7 Ke8 24. Rc8+ Kf7 25. Bxd6 exd6 26. Raxb8 Nxb8 

[Event ""]
[Site ""]
[Date "2005.12.20"]
[Round ""]
[White ""]
[Black "GNU Chess 5.07"]
[WhiteELO "0"]
[BlackELO "0"]
[Result ""]

1. e4 Nc6 2. d4 d5 3. e5 Bf5 4. Bb5 Qd7 5. Nf3 O-O-O 6. a4 a6 7. Qe2 axb5 8.
axb5 Nb8 9. Bf4 Be4 10. b6 Qg4 11. Bg3 cxb6 12. e6 Bxf3 13. gxf3 Qxe6 14. Qxe6+
fxe6 15. Ra8 Rd6 16. Nc3 Nf6 17. Nb5 Nd7 18. Kd2 h5 19. Rc1 h4 20. Bf4 g6 21.
c4 dxc4 22. Rxc4+ Kd8 23. Na7 Ke8 24. Rc8+ Kf7 25. Bxd6 exd6 

[Event ""]
[Site ""]
[Date "2005.12.20"]
[Round ""]
[White ""]
[Black "GNU Chess 5.07"]
[WhiteELO "0"]
[BlackELO "0"]
[Result ""]

1. e4 Nc6 2. d4 d5 3. e5 Bf5 4. Bb5 Qd7 5. Nf3 O-O-O 6. a4 a6 7. Qe2 axb5 8.
axb5 Nb8 9. Bf4 Be4 10. b6 Qg4 11. Bg3 cxb6 12. e6 Bxf3 13. gxf3 Qxe6 14. Qxe6+
fxe6 15. Ra8 Rd6 16. Nc3 Nf6 17. Nb5 Nd7 18. Kd2 h5 19. Rc1 h4 20. Bf4 g6 21.
c4 dxc4 22. Rxc4+ Kd8 23. Na7 Ke8 24. Rc8+ Kf7 

[Event ""]
[Site ""]
[Date "2005.12.20"]
[Round ""]
[White ""]
[Black "GNU Chess 5.07"]
[WhiteELO "0"]
[BlackELO "0"]
[Result ""]

1. e4 Nc6 2. d4 d5 3. e5 Bf5 4. Bb5 Qd7 5. Nf3 O-O-O 6. a4 a6 7. Qe2 axb5 8.
axb5 Nb8 9. Bf4 Be4 10. b6 Qg4 11. Bg3 cxb6 12. e6 Bxf3 13. gxf3 Qxe6 14. Qxe6+
fxe6 15. Ra8 Rd6 16. Nc3 Nf6 17. Nb5 Nd7 18. Kd2 h5 19. Rc1 h4 20. Bf4 g6 21.
c4 dxc4 22. Rxc4+ Kd8 23. Na7 Ke8 

[Event ""]
[Site ""]
[Date "2005.12.20"]
[Round ""]
[White ""]
[Black "GNU Chess 5.07"]
[WhiteELO "0"]
[BlackELO "0"]
[Result ""]

1. e4 Nc6 2. d4 d5 3. e5 Bf5 4. Bb5 Qd7 5. Nf3 O-O-O 6. a4 a6 7. Qe2 axb5 8.
axb5 Nb8 9. Bf4 Be4 10. b6 Qg4 11. Bg3 cxb6 12. e6 Bxf3 13. gxf3 Qxe6 14. Qxe6+
fxe6 15. Ra8 Rd6 16. Nc3 Nf6 17. Nb5 Nd7 18. Kd2 h5 19. Rc1 h4 20. Bf4 g6 21.
c4 dxc4 22. Rxc4+ Kd8 23. Na7 Ke8 24. Nc8 Rd5 25. Nxb6 Nxb6 

[Event ""]
[Site ""]
[Date "2005.12.20"]
[Round ""]
[White ""]
[Black "GNU Chess 5.07"]
[WhiteELO "0"]
[BlackELO "0"]
[Result ""]

1. e4 Nc6 2. d4 d5 3. e5 Bf5 4. Bb5 Qd7 5. Nf3 O-O-O 6. a4 a6 7. Qe2 axb5 8.
axb5 Nb8 9. Bf4 Be4 10. b6 Qg4 11. Bg3 cxb6 12. e6 Bxf3 13. gxf3 Qxe6 14. Qxe6+
fxe6 15. Ra8 Rd6 16. Nc3 Nf6 17. Nb5 Nd7 18. Kd2 h5 19. Rc1 h4 20. Bf4 g6 21.
c4 dxc4 22. Rxc4+ Kd8 23. Na7 Ke8 24. Nc8 Rd5 

[Event ""]
[Site ""]
[Date "2005.12.20"]
[Round ""]
[White ""]
[Black "GNU Chess 5.07"]
[WhiteELO "0"]
[BlackELO "0"]
[Result ""]

1. e4 Nc6 2. d4 d5 3. e5 Bf5 4. Bb5 Qd7 5. Nf3 O-O-O 6. a4 a6 7. Qe2 axb5 8.
axb5 Nb8 9. Bf4 Be4 10. b6 Qg4 11. Bg3 cxb6 12. e6 Bxf3 13. gxf3 Qxe6 14. Qxe6+
fxe6 15. Ra8 Rd6 16. Nc3 Nf6 17. Nb5 Nd7 18. Kd2 h5 19. Rc1 h4 20. Bf4 g6 21.
c4 dxc4 22. Rxc4+ Kd8 23. Na7 Ke8 24. Nc8 Rd5 25. Bxb8 Kf7 

[Event ""]
[Site ""]
[Date "2005.12.20"]
[Round ""]
[White ""]
[Black "GNU Chess 5.07"]
[WhiteELO "0"]
[BlackELO "0"]
[Result ""]

1. e4 d5 2. exd5 Qxd5 3. Nc3 Qe6+ 4. Be2 Qg6 5. Nf3 Qxg2 6. Rg1 Qh3 7. d3 Na6 

[Event ""]
[Site ""]
[Date "2005.12.20"]
[Round ""]
[White ""]
[Black "GNU Chess 5.07"]
[WhiteELO "0"]
[BlackELO "0"]
[Result ""]

1. e4 d5 2. exd5 Qxd5 3. Nc3 Qe6+ 4. Be2 Qg6 5. Nf3 Qxg2 6. Rg1 Qh3 

[Event ""]
[Site ""]
[Date "2005.12.20"]
[Round ""]
[White ""]
[Black "GNU Chess 5.07"]
[WhiteELO "0"]
[BlackELO "0"]
[Result ""]

1. e4 d5 2. exd5 Qxd5 3. Nc3 Qe6+ 4. Be2 Qg6 5. Nf3 Qxg2 6. Rg1 Qh3 7. Nd5 Qd7
8. c4 Nf6 9. Ne5 Qd6 10. d4 Nxd5 11. Bh5 g6 

[Event ""]
[Site ""]
[Date "2005.12.20"]
[Round ""]
[White ""]
[Black "GNU Chess 5.07"]
[WhiteELO "0"]
[BlackELO "0"]
[Result ""]

1. e4 d5 2. exd5 Qxd5 3. Nc3 Qe6+ 4. Be2 Qg6 5. Nf3 Qxg2 6. Rg1 Qh3 7. Nd5 Qd7
8. c4 Nf6 9. Ne5 Qd6 10. d4 Nxd5 

[Event ""]
[Site ""]
[Date "2005.12.20"]
[Round ""]
[White ""]
[Black "GNU Chess 5.07"]
[WhiteELO "0"]
[BlackELO "0"]
[Result ""]

1. e4 d5 2. exd5 Qxd5 3. Nc3 Qe6+ 4. Be2 Qg6 5. Nf3 Qxg2 6. Rg1 Qh3 7. Nd5 Qd7
8. c4 Nf6 9. Ne5 Qd6 

[Event ""]
[Site ""]
[Date "2005.12.20"]
[Round ""]
[White ""]
[Black "GNU Chess 5.07"]
[WhiteELO "0"]
[BlackELO "0"]
[Result ""]

1. e4 d5 2. exd5 Qxd5 3. Nc3 Qe6+ 4. Be2 Qg6 5. Nf3 Qxg2 6. Rg1 Qh3 7. Nd5 Qd7
8. c4 Nf6 9. Ne5 Qd6 10. d4 Nxd5 11. cxd5 Qxd5 12. Bc4 Qe4+ 

[Event ""]
[Site ""]
[Date "2005.12.20"]
[Round ""]
[White ""]
[Black "GNU Chess 5.07"]
[WhiteELO "0"]
[BlackELO "0"]
[Result ""]

1. e4 d5 2. exd5 Qxd5 3. Nc3 Qe6+ 4. Be2 Qg6 5. Nf3 Qxg2 6. Rg1 Qh3 7. Nd5 Qd7
8. c4 Nf6 9. Ne5 Qd6 10. d4 Nxd5 11. cxd5 Qxd5 12. Bc4 Qe4+ 13. Be3 e6 14. Qa4+
Nd7 15. Bb5 Qd5 16. Rc1 f6 

[Event ""]
[Site ""]
[Date "2005.12.20"]
[Round ""]
[White ""]
[Black "GNU Chess 5.07"]
[WhiteELO "0"]
[BlackELO "0"]
[Result ""]

1. e4 d5 2. exd5 Qxd5 3. Nc3 Qe6+ 4. Be2 Qg6 5. Nf3 Qxg2 6. Rg1 Qh3 7. Nd5 Qd7
8. c4 Nf6 9. Ne5 Qd6 10. d4 Nxd5 11. cxd5 Qxd5 12. Bc4 Qe4+ 13. Be3 e6 14. Qa4+
Nd7 15. Bb5 Qd5 16. Rc1 f6 17. Bc4 Qd6 

[Event ""]
[Site ""]
[Date "2005.12.20"]
[Round ""]
[White ""]
[Black "GNU Chess 5.07"]
[WhiteELO "0"]
[BlackELO "0"]
[Result ""]

1. e4 d5 2. exd5 Qxd5 3. Nc3 Qe6+ 4. Be2 Qg6 5. Nf3 Qxg2 6. Rg1 Qh3 7. Nd5 Qd7
8. c4 Nf6 9. Ne5 Qd6 10. d4 Nxd5 11. cxd5 Qxd5 12. Bc4 Qe4+ 13. Be3 e6 14. Qa4+
Nd7 15. Bb5 Qd5 16. Rc1 f6 

[Event ""]
[Site ""]
[Date "2005.12.20"]
[Round ""]
[White ""]
[Black "GNU Chess 5.07"]
[WhiteELO "0"]
[BlackELO "0"]
[Result ""]

1. e4 d5 2. exd5 Qxd5 3. Nc3 Qe6+ 4. Be2 Qg6 5. Nf3 Qxg2 6. Rg1 Qh3 7. Nd5 Qd7
8. c4 Nf6 9. Ne5 Qd6 10. d4 Nxd5 11. cxd5 Qxd5 12. Bc4 Qe4+ 13. Be3 e6 14. Qa4+
Nd7 15. Bb5 Qd5 

[Event ""]
[Site ""]
[Date "2005.12.20"]
[Round ""]
[White ""]
[Black "GNU Chess 5.07"]
[WhiteELO "0"]
[BlackELO "0"]
[Result ""]

1. e4 d5 2. exd5 Qxd5 3. Nc3 Qe6+ 4. Be2 Qg6 5. Nf3 Qxg2 6. Rg1 Qh3 7. Nd5 Qd7
8. c4 Nf6 9. Ne5 Qd6 10. d4 Nxd5 11. cxd5 Qxd5 12. Bc4 Qe4+ 13. Be3 e6 14. Qa4+
Nd7 

[Event ""]
[Site ""]
[Date "2005.12.20"]
[Round ""]
[White ""]
[Black "GNU Chess 5.07"]
[WhiteELO "0"]
[BlackELO "0"]
[Result ""]

1. e4 d5 2. exd5 Qxd5 3. Nc3 Qe6+ 4. Be2 Qg6 5. Nf3 Qxg2 6. Rg1 Qh3 7. Nd5 Qd7
8. c4 Nf6 9. Ne5 Qd6 10. d4 Nxd5 11. cxd5 Qxd5 12. Bc4 Qe4+ 13. Be3 e6 14. Qa4+
Nd7 

[Event ""]
[Site ""]
[Date "2005.12.20"]
[Round ""]
[White ""]
[Black "GNU Chess 5.07"]
[WhiteELO "0"]
[BlackELO "0"]
[Result ""]

1. e4 d5 2. exd5 Qxd5 3. Nc3 Qe6+ 4. Be2 Qg6 5. Nf3 Qxg2 6. Rg1 Qh3 7. Nd5 Qd7
8. c4 Nf6 9. Ne5 Qd6 10. d4 Nxd5 11. cxd5 Qxd5 12. Bc4 Qe4+ 13. Be3 e6 

[Event ""]
[Site ""]
[Date "2005.12.20"]
[Round ""]
[White ""]
[Black "GNU Chess 5.07"]
[WhiteELO "0"]
[BlackELO "0"]
[Result ""]

1. e4 d5 2. exd5 Qxd5 3. Nc3 Qe6+ 4. Be2 Qg6 5. Nf3 Qxg2 6. Rg1 Qh3 7. Nd5 Qd7
8. c4 Nf6 9. Ne5 Qd6 10. d4 Nxd5 11. cxd5 Qxd5 12. Bc4 Qe4+ 

[Event ""]
[Site ""]
[Date "2005.12.20"]
[Round ""]
[White ""]
[Black "GNU Chess 5.07"]
[WhiteELO "0"]
[BlackELO "0"]
[Result ""]

1. e4 d5 2. exd5 Qxd5 3. Nc3 Qe6+ 4. Be2 Qg6 5. Nf3 Qxg2 6. Rg1 Qh3 7. Nd5 Qd7
8. c4 Nf6 9. Ne5 Qd6 10. d4 Nxd5 11. cxd5 Qxd5 12. Bc4 Qe4+ 13. Be3 e6 14. Ke2
Nd7 15. Rg4 Qf5 16. Rf4 Qh5+ 

[Event ""]
[Site ""]
[Date "2005.12.20"]
[Round ""]
[White ""]
[Black "GNU Chess 5.07"]
[WhiteELO "0"]
[BlackELO "0"]
[Result ""]

1. e4 d5 2. exd5 Qxd5 3. Nc3 Qe6+ 4. Be2 Qg6 5. Nf3 Qxg2 6. Rg1 Qh3 7. Nd5 Qd7
8. c4 Nf6 9. Ne5 Qd6 10. d4 Nxd5 11. cxd5 Qxd5 12. Bc4 Qe4+ 13. Be3 e6 14. Ke2
Nd7 15. Rg4 Qf5 

[Event ""]
[Site ""]
[Date "2005.12.20"]
[Round ""]
[White ""]
[Black "GNU Chess 5.07"]
[WhiteELO "0"]
[BlackELO "0"]
[Result ""]

1. e4 d5 2. exd5 Qxd5 3. Nc3 Qe6+ 4. Be2 Qg6 5. Nf3 Qxg2 6. Rg1 Qh3 7. Nd5 Qd7
8. c4 Nf6 9. Ne5 Qd6 10. d4 Nxd5 11. cxd5 Qxd5 12. Bc4 Qe4+ 13. Be3 e6 14. Ke2
Nd7 

[Event ""]
[Site ""]
[Date "2005.12.20"]
[Round ""]
[White ""]
[Black "GNU Chess 5.07"]
[WhiteELO "0"]
[BlackELO "0"]
[Result ""]

1. e4 d5 2. exd5 Qxd5 3. Nc3 Qe6+ 4. Be2 Qg6 5. Nf3 Qxg2 6. Rg1 Qh3 7. Nd5 Qd7
8. c4 Nf6 9. Ne5 Qd6 10. d4 Nxd5 11. cxd5 Qxd5 12. Bc4 Qe4+ 13. Be3 e6 14. Ke2
Nd7 15. Bb5 f6 

[Event ""]
[Site ""]
[Date "2005.12.20"]
[Round ""]
[White ""]
[Black "GNU Chess 5.07"]
[WhiteELO "0"]
[BlackELO "0"]
[Result ""]

1. e4 d5 2. exd5 Qxd5 3. Nc3 Qe6+ 4. Be2 Qg6 5. Nf3 Qxg2 6. Rg1 Qh3 7. Nd5 Qd7
8. c4 Nf6 9. Ne5 Qd6 10. d4 Nxd5 11. cxd5 Qxd5 12. Bc4 Qe4+ 13. Be3 e6 14. Ke2
Nd7 15. Bb5 f6 

[Event ""]
[Site ""]
[Date "2005.12.20"]
[Round ""]
[White ""]
[Black "GNU Chess 5.07"]
[WhiteELO "0"]
[BlackELO "0"]
[Result ""]

1. e4 d5 2. exd5 Qxd5 3. Nc3 Qe6+ 4. Be2 Qg6 5. Nf3 Qxg2 6. Rg1 Qh3 7. Nd5 Qd7
8. c4 Nf6 9. Ne5 Qd6 10. d4 Nxd5 11. cxd5 Qxd5 12. Bc4 Qe4+ 13. Be3 e6 14. Ke2
Nd7 

[Event ""]
[Site ""]
[Date "2005.12.20"]
[Round ""]
[White ""]
[Black "GNU Chess 5.07"]
[WhiteELO "0"]
[BlackELO "0"]
[Result ""]

1. e4 d5 2. exd5 Qxd5 3. Nc3 Qe6+ 4. Be2 Qg6 5. Nf3 Qxg2 6. Rg1 Qh3 7. Nd5 Qd7
8. c4 Nf6 9. Ne5 Qd6 10. d4 Nxd5 11. cxd5 Qxd5 12. Bc4 Qe4+ 13. Be3 e6 

[Event ""]
[Site ""]
[Date "2005.12.20"]
[Round ""]
[White ""]
[Black "GNU Chess 5.07"]
[WhiteELO "0"]
[BlackELO "0"]
[Result ""]

1. e4 d5 2. exd5 Qxd5 3. Nc3 Qe6+ 4. Be2 Qg6 5. Nf3 Qxg2 6. Rg1 Qh3 7. Nd5 Qd7
8. c4 Nf6 9. Ne5 Qd6 10. d4 Nxd5 11. cxd5 Qxd5 12. Bc4 Qe4+ 

[Event ""]
[Site ""]
[Date "2005.12.20"]
[Round ""]
[White ""]
[Black "GNU Chess 5.07"]
[WhiteELO "0"]
[BlackELO "0"]
[Result ""]

1. e4 d5 2. exd5 Qxd5 3. Nc3 Qe6+ 4. Be2 Qg6 5. Nf3 Qxg2 6. Rg1 Qh3 7. Nd5 Qd7
8. c4 Nf6 9. Ne5 Qd6 10. d4 Nxd5 11. cxd5 Qxd5 

[Event ""]
[Site ""]
[Date "2005.12.20"]
[Round ""]
[White ""]
[Black "GNU Chess 5.07"]
[WhiteELO "0"]
[BlackELO "0"]
[Result ""]

1. e4 d5 2. exd5 Qxd5 3. Nc3 Qe6+ 4. Be2 Qg6 5. Nf3 Qxg2 6. Rg1 Qh3 7. Nd5 Qd7
8. c4 Nf6 9. Ne5 Qd6 10. d4 Nxd5 11. cxd5 Qxd5 12. Be3 e6 13. Rc1 Qxa2 

[Event ""]
[Site ""]
[Date "2005.12.20"]
[Round ""]
[White ""]
[Black "GNU Chess 5.07"]
[WhiteELO "0"]
[BlackELO "0"]
[Result ""]

1. e4 d5 2. exd5 Qxd5 3. Nc3 Qe6+ 4. Be2 Qg6 5. Nf3 Qxg2 6. Rg1 Qh3 7. Nd5 Qd7
8. c4 Nf6 9. Ne5 Qd6 10. d4 Nxd5 11. cxd5 Qxd5 12. Be3 e6 13. Rc1 Qxa2 14. Qc2
c6 15. Bf3 Nd7 16. Nxc6 bxc6 17. Qxc6 Bb4+ 18. Kf1 O-O 

[Event ""]
[Site ""]
[Date "2005.12.20"]
[Round ""]
[White ""]
[Black "GNU Chess 5.07"]
[WhiteELO "0"]
[BlackELO "0"]
[Result ""]

1. e4 d5 2. exd5 Qxd5 3. Nc3 Qe6+ 4. Be2 Qg6 5. Nf3 Qxg2 6. Rg1 Qh3 7. Nd5 Qd7
8. c4 Nf6 9. Ne5 Qd6 10. d4 Nxd5 11. cxd5 Qxd5 12. Be3 e6 13. Rc1 Qxa2 14. Qc2
c6 15. Bf3 Nd7 16. Nxc6 bxc6 17. Qxc6 Bb4+ 18. Kf1 O-O 

[Event ""]
[Site ""]
[Date "2005.12.20"]
[Round ""]
[White ""]
[Black "GNU Chess 5.07"]
[WhiteELO "0"]
[BlackELO "0"]
[Result ""]

1. e4 d5 2. exd5 Qxd5 3. Nc3 Qe6+ 4. Be2 Qg6 5. Nf3 Qxg2 6. Rg1 Qh3 7. Nd5 Qd7
8. c4 Nf6 9. Ne5 Qd6 10. d4 Nxd5 11. cxd5 Qxd5 12. Be3 e6 13. Rc1 Qxa2 14. Qc2
c6 15. Bf3 Nd7 16. Nxc6 bxc6 17. Qxc6 Bb4+ 18. Kf1 O-O 19. Be2 Nb6 20. Qg2 g6
21. Bh6 Ba6 

[Event ""]
[Site ""]
[Date "2005.12.20"]
[Round ""]
[White ""]
[Black "GNU Chess 5.07"]
[WhiteELO "0"]
[BlackELO "0"]
[Result ""]

1. e4 d5 2. exd5 Qxd5 3. Nc3 Qe6+ 4. Be2 Qg6 5. Nf3 Qxg2 6. Rg1 Qh3 7. Nd5 Qd7
8. c4 Nf6 9. Ne5 Qd6 10. d4 Nxd5 11. cxd5 Qxd5 12. Be3 e6 13. Rc1 Qxa2 14. Qc2
c6 15. Bf3 Nd7 16. Nxc6 bxc6 17. Qxc6 Bb4+ 18. Kf1 O-O 19. Be2 Nb6 20. Qg2 g6 

[Event ""]
[Site ""]
[Date "2005.12.20"]
[Round ""]
[White ""]
[Black "GNU Chess 5.07"]
[WhiteELO "0"]
[BlackELO "0"]
[Result ""]

1. e4 d5 2. exd5 Qxd5 3. Nc3 Qe6+ 4. Be2 Qg6 5. Nf3 Qxg2 6. Rg1 Qh3 7. Nd5 Qd7
8. c4 Nf6 9. Ne5 Qd6 10. d4 Nxd5 11. cxd5 Qxd5 12. Be3 e6 13. Rc1 Qxa2 14. Qc2
c6 15. Bf3 Nd7 16. Nxc6 bxc6 17. Qxc6 Bb4+ 18. Kf1 O-O 19. Be2 Nb6 20. Qg2 g6
21. d5 Ba6 

[Event ""]
[Site ""]
[Date "2005.12.20"]
[Round ""]
[White ""]
[Black "GNU Chess 5.07"]
[WhiteELO "0"]
[BlackELO "0"]
[Result ""]

1. e4 d5 2. exd5 Qxd5 3. Nc3 Qe6+ 4. Be2 Qg6 5. Nf3 Qxg2 6. Rg1 Qh3 7. Nd5 Qd7
8. c4 Nf6 9. Ne5 Qd6 10. d4 Nxd5 11. cxd5 Qxd5 12. Be3 e6 13. Rc1 Qxa2 14. Qc2
c6 15. Bf3 Nd7 16. Nxc6 bxc6 17. Qxc6 Bb4+ 18. Kf1 O-O 19. Be2 Nb6 20. Qg2 g6 

[Event ""]
[Site ""]
[Date "2005.12.20"]
[Round ""]
[White ""]
[Black "GNU Chess 5.07"]
[WhiteELO "0"]
[BlackELO "0"]
[Result ""]

1. e4 d5 2. exd5 Qxd5 3. Nc3 Qe6+ 4. Be2 Qg6 5. Nf3 Qxg2 6. Rg1 Qh3 7. Nd5 Qd7
8. c4 Nf6 9. Ne5 Qd6 10. d4 Nxd5 11. cxd5 Qxd5 12. Be3 e6 13. Rc1 Qxa2 14. Qc2
c6 15. Bf3 Nd7 16. Nxc6 bxc6 17. Qxc6 Bb4+ 18. Kf1 O-O 19. Be2 Nb6 

[Event ""]
[Site ""]
[Date "2005.12.20"]
[Round ""]
[White ""]
[Black "GNU Chess 5.07"]
[WhiteELO "0"]
[BlackELO "0"]
[Result ""]

1. e4 d5 2. exd5 Qxd5 3. Nc3 Qe6+ 4. Be2 Qg6 5. Nf3 Qxg2 6. Rg1 Qh3 7. Nd5 Qd7
8. c4 Nf6 9. Ne5 Qd6 10. d4 Nxd5 11. cxd5 Qxd5 12. Be3 e6 13. Rc1 Qxa2 14. Qc2
c6 15. Bf3 Nd7 16. Nxc6 bxc6 17. Qxc6 Bb4+ 18. Kf1 O-O 

[Event ""]
[Site ""]
[Date "2005.12.20"]
[Round ""]
[White ""]
[Black "GNU Chess 5.07"]
[WhiteELO "0"]
[BlackELO "0"]
[Result ""]

1. e4 d5 2. exd5 Qxd5 3. Nc3 Qe6+ 4. Be2 Qg6 5. Nf3 Qxg2 6. Rg1 Qh3 7. Nd5 Qd7
8. c4 Nf6 9. Ne5 Qd6 10. d4 Nxd5 11. cxd5 Qxd5 12. Be3 e6 13. Rc1 Qxa2 14. Qc2
c6 15. Bf3 Nd7 16. Nxc6 bxc6 17. Qxc6 Bb4+ 

[Event ""]
[Site ""]
[Date "2005.12.20"]
[Round ""]
[White ""]
[Black "GNU Chess 5.07"]
[WhiteELO "0"]
[BlackELO "0"]
[Result ""]

1. e4 d5 2. exd5 Qxd5 3. Nc3 Qe6+ 4. Be2 Qg6 5. Nf3 Qxg2 6. Rg1 Qh3 7. Nd5 Qd7
8. c4 Nf6 9. Ne5 Qd6 10. d4 Nxd5 11. cxd5 Qxd5 12. Be3 e6 13. Rc1 Qxa2 14. Qc2
c6 15. Bf3 Nd7 16. Nxc6 bxc6 

[Event ""]
[Site ""]
[Date "2005.12.20"]
[Round ""]
[White ""]
[Black "GNU Chess 5.07"]
[WhiteELO "0"]
[BlackELO "0"]
[Result ""]

1. e4 d5 2. exd5 Qxd5 3. Nc3 Qe6+ 4. Be2 Qg6 5. Nf3 Qxg2 6. Rg1 Qh3 7. Nd5 Qd7
8. c4 Nf6 9. Ne5 Qd6 10. d4 Nxd5 11. cxd5 Qxd5 12. Be3 e6 13. Rc1 Qxa2 14. Qc2
c6 15. Bf3 Nd7 

[Event ""]
[Site ""]
[Date "2005.12.20"]
[Round ""]
[White ""]
[Black "GNU Chess 5.07"]
[WhiteELO "0"]
[BlackELO "0"]
[Result ""]

1. e4 d5 2. exd5 Qxd5 3. Nc3 Qe6+ 4. Be2 Qg6 5. Nf3 Qxg2 6. Rg1 Qh3 7. Nd5 Qd7
8. c4 Nf6 9. Ne5 Qd6 10. d4 Nxd5 11. cxd5 Qxd5 12. Be3 e6 13. Rc1 Qxa2 14. Qc2
c6 

[Event ""]
[Site ""]
[Date "2005.12.20"]
[Round ""]
[White ""]
[Black "GNU Chess 5.07"]
[WhiteELO "0"]
[BlackELO "0"]
[Result ""]

1. e4 d5 2. exd5 Qxd5 3. Nc3 Qe6+ 4. Be2 Qg6 5. Nf3 Qxg2 6. Rg1 Qh3 7. Nd5 Qd7
8. c4 Nf6 9. Ne5 Qd6 10. d4 Nxd5 11. cxd5 Qxd5 12. Be3 e6 13. Rc1 Qxa2 

[Event ""]
[Site ""]
[Date "2005.12.20"]
[Round ""]
[White ""]
[Black "GNU Chess 5.07"]
[WhiteELO "0"]
[BlackELO "0"]
[Result ""]

1. e4 d5 2. exd5 Qxd5 3. Nc3 Qe6+ 4. Be2 Qg6 5. Nf3 Qxg2 6. Rg1 Qh3 7. Nd5 Qd7
8. c4 Nf6 9. Ne5 Qd6 10. d4 Nxd5 11. cxd5 Qxd5 12. Be3 e6 

[Event ""]
[Site ""]
[Date "2005.12.20"]
[Round ""]
[White ""]
[Black "GNU Chess 5.07"]
[WhiteELO "0"]
[BlackELO "0"]
[Result ""]

1. e4 d5 2. exd5 Qxd5 3. Nc3 Qe6+ 4. Be2 Qg6 5. Nf3 Qxg2 6. Rg1 Qh3 7. Nd5 Qd7
8. c4 Nf6 9. Ne5 Qd6 10. d4 Nxd5 11. cxd5 Qxd5 12. Be3 e6 

[Event ""]
[Site ""]
[Date "2005.12.20"]
[Round ""]
[White ""]
[Black "GNU Chess 5.07"]
[WhiteELO "0"]
[BlackELO "0"]
[Result ""]

1. e4 d5 2. exd5 Qxd5 3. Nc3 Qe6+ 4. Be2 Qg6 5. Nf3 Qxg2 6. Rg1 Qh3 7. Nd5 Qd7
8. c4 Nf6 9. Ne5 Qd6 10. d4 Nxd5 11. cxd5 Qxd5 12. Be3 e6 

[Event ""]
[Site ""]
[Date "2005.12.20"]
[Round ""]
[White ""]
[Black "GNU Chess 5.07"]
[WhiteELO "0"]
[BlackELO "0"]
[Result ""]

1. e4 d5 2. exd5 Qxd5 3. Nc3 Qe6+ 4. Be2 Qg6 5. Nf3 Qxg2 6. Rg1 Qh3 7. Nd5 Qd7
8. c4 Nf6 9. Ne5 Qd6 10. d4 Nxd5 11. cxd5 Qxd5 

[Event ""]
[Site ""]
[Date "2005.12.20"]
[Round ""]
[White ""]
[Black "GNU Chess 5.07"]
[WhiteELO "0"]
[BlackELO "0"]
[Result ""]

1. e4 d5 2. exd5 Qxd5 3. Nc3 Qe6+ 4. Be2 Qg6 5. Nf3 Qxg2 6. Rg1 Qh3 7. Nd5 Qd7
8. c4 Nf6 9. Ne5 Qd6 10. d4 Nxd5 

[Event ""]
[Site ""]
[Date "2005.12.20"]
[Round ""]
[White ""]
[Black "GNU Chess 5.07"]
[WhiteELO "0"]
[BlackELO "0"]
[Result ""]

1. e4 d5 2. exd5 Qxd5 3. Nc3 Qe6+ 4. Be2 Qg6 5. Nf3 Qxg2 6. Rg1 Qh3 7. Nd5 Qd7
8. c4 Nf6 9. Ne5 Qd6 

[Event ""]
[Site ""]
[Date "2005.12.20"]
[Round ""]
[White ""]
[Black "GNU Chess 5.07"]
[WhiteELO "0"]
[BlackELO "0"]
[Result ""]

1. e4 d5 2. exd5 Qxd5 3. Nc3 Qe6+ 4. Be2 Qg6 5. Nf3 Qxg2 6. Rg1 Qh3 7. Nd5 Qd7
8. c4 Nf6 9. Ne5 Qd6 

